|--- feature_1 <= 0.80
|   |--- class: 0
|--- feature_1 >  0.80
|   |--- feature_1 <= 1.75
|   |   |--- feature_0 <= 4.95
|   |   |   |--- feature_1 <= 1.65
|   |   |   |   |--- class: 1
|   |   |   |--- feature_1 >  1.65
|   |   |   |   |--- class: 2
|   |   |--- feature_0 >  4.95
|   |   |   |--- feature_1 <= 1.55
|   |   |   |   |--- class: 2
|   |   |   |--- feature_1 >  1.55
|   |   |   |   |--- feature_0 <= 5.45
|   |   |   |   |   |--- class: 1
|   |   |   |   |--- feature_0 >  5.45
|   |   |   |   |   |--- class: 2
|   |--- feature_1 >  1.75
|   |   |--- feature_0 <= 4.85
|   |   |   |--- class: 2
|   |   |--- feature_0 >  4.85
|   |   |   |--- class: 2
